loaded 24 markets, 24 resolutions, 85 news docs
train=12 holdout=12
train regimes: {'election': 4, 'scientific': 1, 'sport': 2, 'geo': 1, 'financial': 2, 'other': 2}
holdout regimes: {'other': 2, 'financial': 3, 'sport': 3, 'election': 4}

BASELINE  market_price_echo:
  brier=0.0834  ece=0.0638  resolution=0.0972  bankroll=$10000
train regime priors: {'scientific': 0.0, 'other': 0.5, 'election': 0.25, 'sport': 0.0, 'financial': 0.0, 'geo': 1.0}

======================================================================
ITERATION  v1_baseline — default LR clamp [0.1, 10], identity calibrator, default regime priors
======================================================================
config: {"name": "v1_baseline", "description": "default LR clamp [0.1, 10], identity calibrator, default regime priors", "lr_floor": 0.1, "lr_ceil": 10.0, "max_docs": 5, "calibrator_type": "identity", "use_market_anchored_prior": false, "market_anchor_weight": 0.0, "regime_priors": null}
holdout: brier=0.6918  ece=0.7607  resolution=0.0660  bankroll=$6636  n_trades=10  hit_rate=10.0%
blind spots:
  regime=sport  Δbrier=+0.3047  p=0.172  n=3  pnl=-0.0500
  market_price_band=low  Δbrier=+0.1770  p=0.043  n=8  pnl=-0.0500
  n_evidence=2-3  Δbrier=+0.1671  p=0.120  n=5  pnl=-0.0500
  forecast_band=high  Δbrier=+0.0772  p=0.105  n=10  pnl=-0.0347
perturbation: drop=0.073 flip=0.153 inject=0.169 max_flip=0.560 fragility=0.153
GATE: FAIL
  ✗ Brier lift over baseline -0.6084 < required +0.0050
  ✗ uncovered blindspots: ['regime=sport', 'market_price_band=low', 'n_evidence=2-3', 'forecast_band=high'] (max degradation 0.3047)
  ✗ regime 'financial' ECE 0.640 > cap 0.070
  ✗ regime 'sport' ECE 0.998 > cap 0.070
  ✗ regime 'election' ECE 0.748 > cap 0.070
  ✗ regime 'other' ECE 0.610 > cap 0.070

======================================================================
ITERATION  v2_isotonic — add isotonic calibrator fit on train (Red Team likely flagged ECE)
======================================================================
config: {"name": "v2_isotonic", "description": "add isotonic calibrator fit on train (Red Team likely flagged ECE)", "lr_floor": 0.1, "lr_ceil": 10.0, "max_docs": 5, "calibrator_type": "isotonic", "use_market_anchored_prior": false, "market_anchor_weight": 0.0, "regime_priors": null}
holdout: brier=0.1458  ece=0.0833  resolution=0.0000  bankroll=$6634  n_trades=8  hit_rate=0.0%
blind spots:
  (none above threshold)
perturbation: drop=0.000 flip=0.000 inject=0.000 max_flip=0.000 fragility=0.000
GATE: FAIL
  ✗ Brier lift over baseline -0.0624 < required +0.0050
  ✗ strategy too rigid: mean flip sensitivity 0.000 < 0.005 — evidence is barely affecting predictions
  ✗ regime 'financial' ECE 0.250 > cap 0.070
  ✗ regime 'sport' ECE 0.250 > cap 0.070
  ✗ regime 'other' ECE 0.250 > cap 0.070

======================================================================
ITERATION  v3_train_priors — replace default priors with empirical train-set YES rates
======================================================================
config: {"name": "v3_train_priors", "description": "replace default priors with empirical train-set YES rates", "lr_floor": 0.1, "lr_ceil": 10.0, "max_docs": 5, "calibrator_type": "isotonic", "use_market_anchored_prior": false, "market_anchor_weight": 0.0, "regime_priors": {"scientific": 0.0, "other": 0.5, "election": 0.25, "sport": 0.0, "financial": 0.0, "geo": 1.0}}
holdout: brier=0.1522  ece=0.0925  resolution=0.0389  bankroll=$8574  n_trades=3  hit_rate=0.0%
blind spots:
  disagreement=strong  Δbrier=+0.1019  p=0.075  n=5  pnl=-0.0300
  forecast_band=lo-mid  Δbrier=+0.0923  p=0.077  n=5  pnl=-0.0200
perturbation: drop=0.037 flip=0.037 inject=0.037 max_flip=0.444 fragility=0.037
GATE: FAIL
  ✗ Brier lift over baseline -0.0688 < required +0.0050
  ✗ uncovered blindspots: ['disagreement=strong', 'forecast_band=lo-mid'] (max degradation 0.1019)
  ✗ regime 'election' ECE 0.083 > cap 0.070
  ✗ regime 'other' ECE 0.722 > cap 0.070

======================================================================
ITERATION  v4_market_anchor — blend regime prior with market's earliest price (anchor=0.4)
======================================================================
config: {"name": "v4_market_anchor", "description": "blend regime prior with market's earliest price (anchor=0.4)", "lr_floor": 0.1, "lr_ceil": 10.0, "max_docs": 5, "calibrator_type": "isotonic", "use_market_anchored_prior": true, "market_anchor_weight": 0.4, "regime_priors": {"scientific": 0.0, "other": 0.5, "election": 0.25, "sport": 0.0, "financial": 0.0, "geo": 1.0}}
holdout: brier=0.1543  ece=0.2694  resolution=0.0639  bankroll=$6977  n_trades=9  hit_rate=11.1%
blind spots:
  n_evidence=4+  Δbrier=+0.0679  p=0.182  n=3  pnl=-0.0167
perturbation: drop=0.037 flip=0.037 inject=0.037 max_flip=0.444 fragility=0.037
GATE: FAIL
  ✗ Brier lift over baseline -0.0709 < required +0.0050
  ✗ uncovered blindspots: ['n_evidence=4+'] (max degradation 0.0679)
  ✗ regime 'financial' ECE 0.333 > cap 0.070
  ✗ regime 'sport' ECE 0.333 > cap 0.070
  ✗ regime 'election' ECE 0.353 > cap 0.070
  ✗ regime 'other' ECE 0.576 > cap 0.070

======================================================================
ITERATION  v5_tighter_lr — tighten LR clamp to [0.3, 3.3] to reduce flip volatility
======================================================================
config: {"name": "v5_tighter_lr", "description": "tighten LR clamp to [0.3, 3.3] to reduce flip volatility", "lr_floor": 0.3, "lr_ceil": 3.3, "max_docs": 5, "calibrator_type": "isotonic", "use_market_anchored_prior": true, "market_anchor_weight": 0.4, "regime_priors": {"scientific": 0.0, "other": 0.5, "election": 0.25, "sport": 0.0, "financial": 0.0, "geo": 1.0}}
holdout: brier=0.1543  ece=0.2694  resolution=0.0639  bankroll=$6976  n_trades=9  hit_rate=11.1%
blind spots:
  n_evidence=4+  Δbrier=+0.0679  p=0.182  n=3  pnl=-0.0167
perturbation: drop=0.037 flip=0.037 inject=0.037 max_flip=0.443 fragility=0.037
GATE: FAIL
  ✗ Brier lift over baseline -0.0709 < required +0.0050
  ✗ uncovered blindspots: ['n_evidence=4+'] (max degradation 0.0679)
  ✗ regime 'financial' ECE 0.333 > cap 0.070
  ✗ regime 'sport' ECE 0.333 > cap 0.070
  ✗ regime 'election' ECE 0.353 > cap 0.070
  ✗ regime 'other' ECE 0.576 > cap 0.070

======================================================================
PARETO FRONTIER over iteration runs
======================================================================
frontier: ['v1_baseline', 'v2_isotonic', 'v3_train_priors', 'v4_market_anchor']

name                   brier     ece       bankroll     fragility gate      
----                   -----     ---       --------     --------- ----      
v1_baseline            0.6918    0.7607    $6636        0.153     FAIL      
v2_isotonic            0.1458    0.0833    $6634        0.000     FAIL      
v3_train_priors        0.1522    0.0925    $8574        0.037     FAIL      
v4_market_anchor       0.1543    0.2694    $6977        0.037     FAIL      
v5_tighter_lr          0.1543    0.2694    $6976        0.037     FAIL      
wrote runs/live_iter/iterations.json
