loaded 94 markets
train=47 holdout=47
train base rates by qtype: {'deadline': 0.143, 'field': 0.0, 'durative': 0.0, 'event': 0.0}

name                   description                         B_overall B_t0      B_t1      B_t3      PnL%         trades 
------------------------------------------------------------------------------------------------------------------------
v0_market_echo         predict market price exactly        0.1082    0.1143    0.1098    0.1037    +0.00        0      
v1_type_prior          predict empirical train YES rate pe 0.1824    0.1824    0.1824    0.1824    +2.09        77     
v2_shrink_10           market * (1-0.1) + base_rate * 0.1  0.1094    0.1141    0.1121    0.1041    +47.82       19     
v2_shrink_20           market * (1-0.2) + base_rate * 0.2  0.1120    0.1155    0.1155    0.1061    +11.99       41     
v2_shrink_30           market * (1-0.3) + base_rate * 0.3  0.1159    0.1184    0.1201    0.1099    -28.01       49     
v3_trend_025           price + 0.25 * (price - price_prev) 0.1114    0.1143    0.1162    0.1072    -18.16       15     
v3_trend_050           price + 0.5 * (price - price_prev)  0.1157    0.1143    0.1246    0.1122    -30.55       29     
v3_trend_100           price + 1.0 * (price - price_prev)  0.1251    0.1143    0.1439    0.1198    -11.37       38     
v4_combo_l20a50        shrink λ=0.2 + trend α=0.5          0.1165    0.1155    0.1265    0.1099    +24.74       40     
v4_combo_l30a25        shrink λ=0.3 + trend α=0.25         0.1173    0.1184    0.1242    0.1104    -32.29       52     
v5_combo_typed         per-qtype λ and α                   0.1191    0.1223    0.1257    0.1110    -26.41       48     

=== edge over market_echo (holdout, lower Brier = better) ===
name                   Δoverall  Δt=0      Δt=1      Δt=2      Δt=3      ΔPnL%    
v1_type_prior          +0.0741   +0.0680   +0.0726   +0.0772   +0.0787   +2.09
v2_shrink_10           +0.0012   -0.0002   +0.0023   +0.0022   +0.0004   +47.82
v2_shrink_20           +0.0038   +0.0012   +0.0058   +0.0056   +0.0025   +11.99
v2_shrink_30           +0.0077   +0.0041   +0.0103   +0.0103   +0.0062   -28.01
v3_trend_025           +0.0032   +0.0000   +0.0064   +0.0027   +0.0035   -18.16
v3_trend_050           +0.0075   +0.0000   +0.0148   +0.0067   +0.0085   -30.55
v3_trend_100           +0.0168   +0.0000   +0.0342   +0.0170   +0.0162   -11.37
v4_combo_l20a50        +0.0083   +0.0012   +0.0167   +0.0092   +0.0062   +24.74
v4_combo_l30a25        +0.0091   +0.0041   +0.0144   +0.0110   +0.0068   -32.29
v5_combo_typed         +0.0108   +0.0080   +0.0160   +0.0121   +0.0073   -26.41

=== per-qtype Brier (holdout) ===
name                   deadline   durative   event      field     
v0_market_echo         0.1735     0.0000     0.1682     0.0075    
v1_type_prior          0.3265     0.0000     0.2667     0.0000    
v2_shrink_10           0.1807     0.0000     0.1669     0.0061    
v2_shrink_20           0.1896     0.0000     0.1681     0.0048    
v2_shrink_30           0.2004     0.0000     0.1718     0.0037    
v3_trend_025           0.1807     0.0000     0.1712     0.0076    
v3_trend_050           0.1904     0.0000     0.1758     0.0076    
v3_trend_100           0.2091     0.0000     0.1874     0.0077    
v4_combo_l20a50        0.2013     0.0000     0.1714     0.0049    
v4_combo_l30a25        0.2044     0.0000     0.1722     0.0037    
v5_combo_typed         0.2098     0.0000     0.1681     0.0076    

BEST on holdout: v0_market_echo  brier=0.1082  vs market 0.1082  (Δ=+0.0000)
wrote runs/live_iter/iterations_v2.json
