loaded 94 markets

Running 6 strategies x 30 seeds = 180 evals on holdout...

strategy                  Brier  μ±σ    PnL %  μ±σ    n_trades μ    hit_rate μ    PnL>0 seeds  
-----------------------------------------------------------------------------------------------
v0_market_echo            0.0832±0.0170 +0.000±0.000     0.0         0.000          0/30
v2_shrink_10              0.0821±0.0169 +0.651±0.467     9.1         0.520         26/30
v2_shrink_15              0.0819±0.0169 +0.803±0.476    17.8         0.554         29/30
v6_shrink_typed           0.0805±0.0166 +0.488±0.309    11.6         0.640         26/30
v7_shrink_typed_v2        0.0811±0.0167 +0.515±0.309    10.3         0.672         26/30
v8_shrink_typed_strong    0.0801±0.0166 +0.418±0.310    13.9         0.579         27/30

=== edge over v0_market_echo (mean across 30 seeds) ===
strategy                  Δ Brier μ       Δ Brier sign    Δ PnL μ         Δ PnL > 0 in   
v2_shrink_10              -0.0010         23/30         +0.6506         26/30
v2_shrink_15              -0.0012         22/30         +0.8032         29/30
v6_shrink_typed           -0.0027         28/30         +0.4882         26/30
v7_shrink_typed_v2        -0.0021         28/30         +0.5147         26/30
v8_shrink_typed_strong    -0.0030         25/30         +0.4180         27/30

=== per-qtype PnL (mean per seed) for typed strategies ===
v0_market_echo           
v6_shrink_typed            event: pnl=+0.392/seed, n_trades=9.6, hit=0.55  field: pnl=+0.097/seed, n_trades=1.9, hit=1.00
v7_shrink_typed_v2         event: pnl=+0.418/seed, n_trades=8.4, hit=0.58  field: pnl=+0.097/seed, n_trades=1.9, hit=1.00
v8_shrink_typed_strong     event: pnl=+0.321/seed, n_trades=12.0, hit=0.49  field: pnl=+0.097/seed, n_trades=1.9, hit=1.00

wrote runs/live_iter/iterations_v3.json
